<?xml version="1.0" encoding="UTF-8"?>
<testng-results ignored="0" total="1" passed="1" failed="0" skipped="0">
  <reporter-output>
  </reporter-output>
  <suite started-at="2024-08-30T12:44:47 PDT" name="Default suite" finished-at="2024-08-30T12:45:33 PDT" duration-ms="46644">
    <groups>
    </groups>
    <test started-at="2024-08-30T12:44:47 PDT" name="Default test" finished-at="2024-08-30T12:45:33 PDT" duration-ms="46644">
      <class name="setup.NavigateToActivity">
        <test-method is-config="true" signature="ConfigureAppium()[pri:0, instance:setup.NavigateToActivity@6a6cb05c]" started-at="2024-08-30T12:44:47 PDT" name="ConfigureAppium" finished-at="2024-08-30T12:45:06 PDT" duration-ms="19627" status="PASS">
          <reporter-output>
          </reporter-output>
        </test-method> <!-- ConfigureAppium -->
        <test-method signature="Navigate()[pri:0, instance:setup.NavigateToActivity@6a6cb05c]" started-at="2024-08-30T12:45:06 PDT" name="Navigate" finished-at="2024-08-30T12:45:29 PDT" duration-ms="22546" status="PASS">
          <reporter-output>
          </reporter-output>
        </test-method> <!-- Navigate -->
        <test-method is-config="true" signature="tearDown()[pri:0, instance:setup.NavigateToActivity@6a6cb05c]" started-at="2024-08-30T12:45:29 PDT" name="tearDown" finished-at="2024-08-30T12:45:33 PDT" duration-ms="4339" status="PASS">
          <reporter-output>
          </reporter-output>
        </test-method> <!-- tearDown -->
      </class> <!-- setup.NavigateToActivity -->
    </test> <!-- Default test -->
  </suite> <!-- Default suite -->
</testng-results>
