<?xml version="1.0" encoding="UTF-8"?>
<testng-results ignored="0" total="1" passed="1" failed="0" skipped="0">
  <reporter-output>
  </reporter-output>
  <suite started-at="2024-08-31T11:17:36 PDT" name="Default suite" finished-at="2024-08-31T11:18:47 PDT" duration-ms="70818">
    <groups>
    </groups>
    <test started-at="2024-08-31T11:17:36 PDT" name="Default test" finished-at="2024-08-31T11:18:47 PDT" duration-ms="70818">
      <class name="generalStore.Ecommerce2">
        <test-method is-config="true" signature="ConfigureAppium()[pri:0, instance:generalStore.Ecommerce2@22ff4249]" started-at="2024-08-31T11:17:36 PDT" name="ConfigureAppium" finished-at="2024-08-31T11:18:17 PDT" duration-ms="40273" status="PASS">
          <reporter-output>
          </reporter-output>
        </test-method> <!-- ConfigureAppium -->
        <test-method signature="PopulateForm()[pri:0, instance:generalStore.Ecommerce2@22ff4249]" started-at="2024-08-31T11:18:17 PDT" name="PopulateForm" finished-at="2024-08-31T11:18:44 PDT" duration-ms="26930" status="PASS">
          <reporter-output>
          </reporter-output>
        </test-method> <!-- PopulateForm -->
        <test-method is-config="true" signature="tearDown()[pri:0, instance:generalStore.Ecommerce2@22ff4249]" started-at="2024-08-31T11:18:44 PDT" name="tearDown" finished-at="2024-08-31T11:18:47 PDT" duration-ms="3495" status="PASS">
          <reporter-output>
          </reporter-output>
        </test-method> <!-- tearDown -->
      </class> <!-- generalStore.Ecommerce2 -->
    </test> <!-- Default test -->
  </suite> <!-- Default suite -->
</testng-results>
